2023-10-27 11:35:32.910 INFO  [restartedMain] [com.example.moffice.MofficeApplication] - Starting MofficeApplication using Java 1.8.0_20 on DESKTOP-42OAV3A with PID 6892 (C:\Users\JNESS\git\moffice\bin\main started by 20230901 in C:\Users\JNESS\git\moffice)
2023-10-27 11:35:32.918 INFO  [restartedMain] [com.example.moffice.MofficeApplication] - No active profile set, falling back to 1 default profile: "default"
2023-10-27 11:35:33.056 INFO  [restartedMain] [o.s.b.d.e.DevToolsPropertyDefaultsPostProcessor] - Devtools property defaults active! Set 'spring.devtools.add-properties' to 'false' to disable
2023-10-27 11:35:33.057 INFO  [restartedMain] [o.s.b.d.e.DevToolsPropertyDefaultsPostProcessor] - For additional web related logging consider setting the 'logging.level.web' property to 'DEBUG'
2023-10-27 11:35:36.010 INFO  [restartedMain] [o.s.b.w.embedded.tomcat.TomcatWebServer] - Tomcat initialized with port(s): 8080 (http)
2023-10-27 11:35:36.019 INFO  [restartedMain] [o.apache.coyote.http11.Http11NioProtocol] - Initializing ProtocolHandler ["http-nio-8080"]
2023-10-27 11:35:36.022 INFO  [restartedMain] [org.apache.catalina.core.StandardService] - Starting service [Tomcat]
2023-10-27 11:35:36.022 INFO  [restartedMain] [org.apache.catalina.core.StandardEngine] - Starting Servlet engine: [Apache Tomcat/9.0.80]
2023-10-27 11:35:36.107 INFO  [restartedMain] [o.a.c.c.C.[Tomcat].[localhost].[/]] - Initializing Spring embedded WebApplicationContext
2023-10-27 11:35:36.108 INFO  [restartedMain] [o.s.b.w.s.c.ServletWebServerApplicationContext] - Root WebApplicationContext: initialization completed in 3048 ms
2023-10-27 11:35:37.104 INFO  [restartedMain] [o.s.b.d.a.OptionalLiveReloadServer] - LiveReload server is running on port 35729
2023-10-27 11:35:37.120 INFO  [restartedMain] [o.apache.coyote.http11.Http11NioProtocol] - Starting ProtocolHandler ["http-nio-8080"]
2023-10-27 11:35:37.140 INFO  [restartedMain] [o.s.b.w.embedded.tomcat.TomcatWebServer] - Tomcat started on port(s): 8080 (http) with context path ''
2023-10-27 11:35:37.152 INFO  [restartedMain] [com.example.moffice.MofficeApplication] - Started MofficeApplication in 5.099 seconds (JVM running for 7.093)
2023-10-27 11:39:23.624 INFO  [http-nio-8080-exec-3] [o.a.c.c.C.[Tomcat].[localhost].[/]] - Initializing Spring DispatcherServlet 'dispatcherServlet'
2023-10-27 11:39:23.625 INFO  [http-nio-8080-exec-3] [o.s.web.servlet.DispatcherServlet] - Initializing Servlet 'dispatcherServlet'
2023-10-27 11:39:23.626 INFO  [http-nio-8080-exec-3] [o.s.web.servlet.DispatcherServlet] - Completed initialization in 1 ms
2023-10-27 11:39:23.710 INFO  [http-nio-8080-exec-3] [com.zaxxer.hikari.HikariDataSource] - HikariPool-1 - Starting...
2023-10-27 11:39:24.066 INFO  [http-nio-8080-exec-3] [com.zaxxer.hikari.HikariDataSource] - HikariPool-1 - Start completed.
2023-10-27 11:58:35.550 INFO  [File Watcher] [o.s.b.d.a.LocalDevToolsAutoConfiguration$RestartingClassPathChangeChangedEventListener] - Restarting due to 1 class path change (0 additions, 0 deletions, 1 modification)
2023-10-27 11:58:35.694 INFO  [Thread-6] [o.apache.coyote.http11.Http11NioProtocol] - Pausing ProtocolHandler ["http-nio-8080"]
2023-10-27 11:58:35.694 INFO  [Thread-6] [org.apache.catalina.core.StandardService] - Stopping service [Tomcat]
2023-10-27 11:58:35.696 INFO  [Thread-6] [o.a.c.c.C.[Tomcat].[localhost].[/]] - Destroying Spring FrameworkServlet 'dispatcherServlet'
2023-10-27 11:58:35.700 WARN  [Thread-6] [o.a.c.loader.WebappClassLoaderBase] - The web application [ROOT] appears to have started a thread named [HikariPool-1 housekeeper] but has failed to stop it. This is very likely to create a memory leak. Stack trace of thread:
 sun.misc.Unsafe.park(Native Method)
 java.util.concurrent.locks.LockSupport.parkNanos(LockSupport.java:215)
 java.util.concurrent.locks.AbstractQueuedSynchronizer$ConditionObject.awaitNanos(AbstractQueuedSynchronizer.java:2078)
 java.util.concurrent.ScheduledThreadPoolExecutor$DelayedWorkQueue.take(ScheduledThreadPoolExecutor.java:1093)
 java.util.concurrent.ScheduledThreadPoolExecutor$DelayedWorkQueue.take(ScheduledThreadPoolExecutor.java:809)
 java.util.concurrent.ThreadPoolExecutor.getTask(ThreadPoolExecutor.java:1067)
 java.util.concurrent.ThreadPoolExecutor.runWorker(ThreadPoolExecutor.java:1127)
 java.util.concurrent.ThreadPoolExecutor$Worker.run(ThreadPoolExecutor.java:617)
 java.lang.Thread.run(Thread.java:745)
2023-10-27 11:58:35.701 INFO  [Thread-6] [o.apache.coyote.http11.Http11NioProtocol] - Stopping ProtocolHandler ["http-nio-8080"]
2023-10-27 11:58:35.703 INFO  [Thread-6] [o.apache.coyote.http11.Http11NioProtocol] - Destroying ProtocolHandler ["http-nio-8080"]
2023-10-27 11:58:35.707 INFO  [Thread-6] [com.zaxxer.hikari.HikariDataSource] - HikariPool-1 - Shutdown initiated...
2023-10-27 11:58:35.712 INFO  [Thread-6] [com.zaxxer.hikari.HikariDataSource] - HikariPool-1 - Shutdown completed.
2023-10-27 11:58:35.859 INFO  [restartedMain] [com.example.moffice.MofficeApplication] - Starting MofficeApplication using Java 1.8.0_20 on DESKTOP-42OAV3A with PID 6892 (C:\Users\JNESS\git\moffice\bin\main started by 20230901 in C:\Users\JNESS\git\moffice)
2023-10-27 11:58:35.860 INFO  [restartedMain] [com.example.moffice.MofficeApplication] - No active profile set, falling back to 1 default profile: "default"
2023-10-27 11:58:36.256 INFO  [restartedMain] [o.s.b.w.embedded.tomcat.TomcatWebServer] - Tomcat initialized with port(s): 8080 (http)
2023-10-27 11:58:36.267 INFO  [restartedMain] [o.apache.coyote.http11.Http11NioProtocol] - Initializing ProtocolHandler ["http-nio-8080"]
2023-10-27 11:58:36.270 INFO  [restartedMain] [org.apache.catalina.core.StandardService] - Starting service [Tomcat]
2023-10-27 11:58:36.271 INFO  [restartedMain] [org.apache.catalina.core.StandardEngine] - Starting Servlet engine: [Apache Tomcat/9.0.80]
2023-10-27 11:58:36.296 INFO  [restartedMain] [o.a.c.c.C.[Tomcat].[localhost].[/]] - Initializing Spring embedded WebApplicationContext
2023-10-27 11:58:36.297 INFO  [restartedMain] [o.s.b.w.s.c.ServletWebServerApplicationContext] - Root WebApplicationContext: initialization completed in 432 ms
2023-10-27 11:58:36.743 INFO  [restartedMain] [o.s.b.d.a.OptionalLiveReloadServer] - LiveReload server is running on port 35729
2023-10-27 11:58:36.756 INFO  [restartedMain] [o.apache.coyote.http11.Http11NioProtocol] - Starting ProtocolHandler ["http-nio-8080"]
2023-10-27 11:58:36.758 INFO  [restartedMain] [o.s.b.w.embedded.tomcat.TomcatWebServer] - Tomcat started on port(s): 8080 (http) with context path ''
2023-10-27 11:58:36.794 INFO  [restartedMain] [com.example.moffice.MofficeApplication] - Started MofficeApplication in 0.971 seconds (JVM running for 1386.734)
2023-10-27 11:58:36.803 INFO  [restartedMain] [o.s.b.d.a.ConditionEvaluationDeltaLoggingListener] - Condition evaluation unchanged
2023-10-27 15:33:37.908 INFO  [http-nio-8080-exec-3] [o.a.c.c.C.[Tomcat].[localhost].[/]] - Initializing Spring DispatcherServlet 'dispatcherServlet'
2023-10-27 15:33:37.912 INFO  [http-nio-8080-exec-3] [o.s.web.servlet.DispatcherServlet] - Initializing Servlet 'dispatcherServlet'
2023-10-27 15:33:37.926 INFO  [http-nio-8080-exec-3] [o.s.web.servlet.DispatcherServlet] - Completed initialization in 14 ms
2023-10-27 15:33:37.951 INFO  [http-nio-8080-exec-3] [com.zaxxer.hikari.HikariDataSource] - HikariPool-2 - Starting...
2023-10-27 15:33:38.071 INFO  [http-nio-8080-exec-3] [com.zaxxer.hikari.HikariDataSource] - HikariPool-2 - Start completed.
2023-10-27 16:03:40.766 INFO  [File Watcher] [o.s.b.d.a.LocalDevToolsAutoConfiguration$RestartingClassPathChangeChangedEventListener] - Restarting due to 1 class path change (0 additions, 0 deletions, 1 modification)
2023-10-27 16:03:40.816 INFO  [Thread-8] [o.apache.coyote.http11.Http11NioProtocol] - Pausing ProtocolHandler ["http-nio-8080"]
2023-10-27 16:03:40.817 INFO  [Thread-8] [org.apache.catalina.core.StandardService] - Stopping service [Tomcat]
2023-10-27 16:03:40.819 INFO  [Thread-8] [o.a.c.c.C.[Tomcat].[localhost].[/]] - Destroying Spring FrameworkServlet 'dispatcherServlet'
2023-10-27 16:03:40.825 WARN  [Thread-8] [o.a.c.loader.WebappClassLoaderBase] - The web application [ROOT] appears to have started a thread named [HikariPool-2 housekeeper] but has failed to stop it. This is very likely to create a memory leak. Stack trace of thread:
 sun.misc.Unsafe.park(Native Method)
 java.util.concurrent.locks.LockSupport.parkNanos(LockSupport.java:215)
 java.util.concurrent.locks.AbstractQueuedSynchronizer$ConditionObject.awaitNanos(AbstractQueuedSynchronizer.java:2078)
 java.util.concurrent.ScheduledThreadPoolExecutor$DelayedWorkQueue.take(ScheduledThreadPoolExecutor.java:1093)
 java.util.concurrent.ScheduledThreadPoolExecutor$DelayedWorkQueue.take(ScheduledThreadPoolExecutor.java:809)
 java.util.concurrent.ThreadPoolExecutor.getTask(ThreadPoolExecutor.java:1067)
 java.util.concurrent.ThreadPoolExecutor.runWorker(ThreadPoolExecutor.java:1127)
 java.util.concurrent.ThreadPoolExecutor$Worker.run(ThreadPoolExecutor.java:617)
 java.lang.Thread.run(Thread.java:745)
2023-10-27 16:03:40.826 WARN  [Thread-8] [o.a.c.loader.WebappClassLoaderBase] - The web application [ROOT] appears to have started a thread named [HikariPool-2 connection closer] but has failed to stop it. This is very likely to create a memory leak. Stack trace of thread:
 sun.misc.Unsafe.park(Native Method)
 java.util.concurrent.locks.LockSupport.parkNanos(LockSupport.java:215)
 java.util.concurrent.locks.AbstractQueuedSynchronizer$ConditionObject.awaitNanos(AbstractQueuedSynchronizer.java:2078)
 java.util.concurrent.LinkedBlockingQueue.poll(LinkedBlockingQueue.java:467)
 java.util.concurrent.ThreadPoolExecutor.getTask(ThreadPoolExecutor.java:1066)
 java.util.concurrent.ThreadPoolExecutor.runWorker(ThreadPoolExecutor.java:1127)
 java.util.concurrent.ThreadPoolExecutor$Worker.run(ThreadPoolExecutor.java:617)
 java.lang.Thread.run(Thread.java:745)
2023-10-27 16:03:40.826 WARN  [Thread-8] [o.a.c.loader.WebappClassLoaderBase] - The web application [ROOT] appears to have started a thread named [HikariPool-2 connection adder] but has failed to stop it. This is very likely to create a memory leak. Stack trace of thread:
 sun.misc.Unsafe.park(Native Method)
 java.util.concurrent.locks.LockSupport.parkNanos(LockSupport.java:215)
 java.util.concurrent.locks.AbstractQueuedSynchronizer$ConditionObject.awaitNanos(AbstractQueuedSynchronizer.java:2078)
 java.util.concurrent.LinkedBlockingQueue.poll(LinkedBlockingQueue.java:467)
 java.util.concurrent.ThreadPoolExecutor.getTask(ThreadPoolExecutor.java:1066)
 java.util.concurrent.ThreadPoolExecutor.runWorker(ThreadPoolExecutor.java:1127)
 java.util.concurrent.ThreadPoolExecutor$Worker.run(ThreadPoolExecutor.java:617)
 java.lang.Thread.run(Thread.java:745)
2023-10-27 16:03:40.827 INFO  [Thread-8] [o.apache.coyote.http11.Http11NioProtocol] - Stopping ProtocolHandler ["http-nio-8080"]
2023-10-27 16:03:40.834 INFO  [Thread-8] [o.apache.coyote.http11.Http11NioProtocol] - Destroying ProtocolHandler ["http-nio-8080"]
2023-10-27 16:03:40.837 INFO  [Thread-8] [com.zaxxer.hikari.HikariDataSource] - HikariPool-2 - Shutdown initiated...
2023-10-27 16:03:40.842 INFO  [Thread-8] [com.zaxxer.hikari.HikariDataSource] - HikariPool-2 - Shutdown completed.
2023-10-27 16:03:41.021 INFO  [restartedMain] [com.example.moffice.MofficeApplication] - Starting MofficeApplication using Java 1.8.0_20 on DESKTOP-42OAV3A with PID 6892 (C:\Users\JNESS\git\moffice\bin\main started by 20230901 in C:\Users\JNESS\git\moffice)
2023-10-27 16:03:41.022 INFO  [restartedMain] [com.example.moffice.MofficeApplication] - No active profile set, falling back to 1 default profile: "default"
2023-10-27 16:03:41.691 INFO  [restartedMain] [o.s.b.w.embedded.tomcat.TomcatWebServer] - Tomcat initialized with port(s): 8080 (http)
2023-10-27 16:03:41.692 INFO  [restartedMain] [o.apache.coyote.http11.Http11NioProtocol] - Initializing ProtocolHandler ["http-nio-8080"]
2023-10-27 16:03:41.693 INFO  [restartedMain] [org.apache.catalina.core.StandardService] - Starting service [Tomcat]
2023-10-27 16:03:41.693 INFO  [restartedMain] [org.apache.catalina.core.StandardEngine] - Starting Servlet engine: [Apache Tomcat/9.0.80]
2023-10-27 16:03:41.711 INFO  [restartedMain] [o.a.c.c.C.[Tomcat].[localhost].[/]] - Initializing Spring embedded WebApplicationContext
2023-10-27 16:03:41.711 INFO  [restartedMain] [o.s.b.w.s.c.ServletWebServerApplicationContext] - Root WebApplicationContext: initialization completed in 682 ms
2023-10-27 16:03:42.241 INFO  [restartedMain] [o.s.b.d.a.OptionalLiveReloadServer] - LiveReload server is running on port 35729
2023-10-27 16:03:42.247 INFO  [restartedMain] [o.apache.coyote.http11.Http11NioProtocol] - Starting ProtocolHandler ["http-nio-8080"]
2023-10-27 16:03:42.249 INFO  [restartedMain] [o.s.b.w.embedded.tomcat.TomcatWebServer] - Tomcat started on port(s): 8080 (http) with context path ''
2023-10-27 16:03:42.255 INFO  [restartedMain] [com.example.moffice.MofficeApplication] - Started MofficeApplication in 1.284 seconds (JVM running for 16092.195)
2023-10-27 16:03:42.257 INFO  [restartedMain] [o.s.b.d.a.ConditionEvaluationDeltaLoggingListener] - Condition evaluation unchanged
2023-10-27 16:05:09.134 INFO  [http-nio-8080-exec-3] [o.a.c.c.C.[Tomcat].[localhost].[/]] - Initializing Spring DispatcherServlet 'dispatcherServlet'
2023-10-27 16:05:09.135 INFO  [http-nio-8080-exec-3] [o.s.web.servlet.DispatcherServlet] - Initializing Servlet 'dispatcherServlet'
2023-10-27 16:05:09.136 INFO  [http-nio-8080-exec-3] [o.s.web.servlet.DispatcherServlet] - Completed initialization in 1 ms
2023-10-27 16:05:09.142 INFO  [http-nio-8080-exec-3] [com.zaxxer.hikari.HikariDataSource] - HikariPool-3 - Starting...
2023-10-27 16:05:09.284 INFO  [http-nio-8080-exec-3] [com.zaxxer.hikari.HikariDataSource] - HikariPool-3 - Start completed.
2023-10-27 16:05:41.838 INFO  [restartedMain] [com.example.moffice.MofficeApplication] - Starting MofficeApplication using Java 1.8.0_20 on DESKTOP-42OAV3A with PID 8632 (C:\Users\JNESS\git\moffice\bin\main started by 20230901 in C:\Users\JNESS\git\moffice)
2023-10-27 16:05:41.840 INFO  [restartedMain] [com.example.moffice.MofficeApplication] - No active profile set, falling back to 1 default profile: "default"
2023-10-27 16:05:41.899 INFO  [restartedMain] [o.s.b.d.e.DevToolsPropertyDefaultsPostProcessor] - Devtools property defaults active! Set 'spring.devtools.add-properties' to 'false' to disable
2023-10-27 16:05:41.899 INFO  [restartedMain] [o.s.b.d.e.DevToolsPropertyDefaultsPostProcessor] - For additional web related logging consider setting the 'logging.level.web' property to 'DEBUG'
2023-10-27 16:05:43.170 INFO  [restartedMain] [o.s.b.w.embedded.tomcat.TomcatWebServer] - Tomcat initialized with port(s): 8080 (http)
2023-10-27 16:05:43.180 INFO  [restartedMain] [o.apache.coyote.http11.Http11NioProtocol] - Initializing ProtocolHandler ["http-nio-8080"]
2023-10-27 16:05:43.181 INFO  [restartedMain] [org.apache.catalina.core.StandardService] - Starting service [Tomcat]
2023-10-27 16:05:43.182 INFO  [restartedMain] [org.apache.catalina.core.StandardEngine] - Starting Servlet engine: [Apache Tomcat/9.0.80]
2023-10-27 16:05:43.245 INFO  [restartedMain] [o.a.c.c.C.[Tomcat].[localhost].[/]] - Initializing Spring embedded WebApplicationContext
2023-10-27 16:05:43.245 INFO  [restartedMain] [o.s.b.w.s.c.ServletWebServerApplicationContext] - Root WebApplicationContext: initialization completed in 1345 ms
2023-10-27 16:05:44.138 INFO  [restartedMain] [o.s.b.d.a.OptionalLiveReloadServer] - LiveReload server is running on port 35729
2023-10-27 16:05:44.153 INFO  [restartedMain] [o.apache.coyote.http11.Http11NioProtocol] - Starting ProtocolHandler ["http-nio-8080"]
2023-10-27 16:05:44.175 INFO  [restartedMain] [o.s.b.w.embedded.tomcat.TomcatWebServer] - Tomcat started on port(s): 8080 (http) with context path ''
2023-10-27 16:05:44.193 INFO  [restartedMain] [com.example.moffice.MofficeApplication] - Started MofficeApplication in 2.692 seconds (JVM running for 3.188)
2023-10-27 16:06:25.287 INFO  [http-nio-8080-exec-1] [o.a.c.c.C.[Tomcat].[localhost].[/]] - Initializing Spring DispatcherServlet 'dispatcherServlet'
2023-10-27 16:06:25.287 INFO  [http-nio-8080-exec-1] [o.s.web.servlet.DispatcherServlet] - Initializing Servlet 'dispatcherServlet'
2023-10-27 16:06:25.288 INFO  [http-nio-8080-exec-1] [o.s.web.servlet.DispatcherServlet] - Completed initialization in 1 ms
2023-10-27 16:06:25.346 INFO  [http-nio-8080-exec-1] [com.zaxxer.hikari.HikariDataSource] - HikariPool-1 - Starting...
2023-10-27 16:06:25.689 INFO  [http-nio-8080-exec-1] [com.zaxxer.hikari.HikariDataSource] - HikariPool-1 - Start completed.
2023-10-27 16:07:20.848 INFO  [File Watcher] [o.s.b.d.a.LocalDevToolsAutoConfiguration$RestartingClassPathChangeChangedEventListener] - Restarting due to 1 class path change (0 additions, 0 deletions, 1 modification)
2023-10-27 16:07:21.046 INFO  [Thread-6] [o.apache.coyote.http11.Http11NioProtocol] - Pausing ProtocolHandler ["http-nio-8080"]
2023-10-27 16:07:21.047 INFO  [Thread-6] [org.apache.catalina.core.StandardService] - Stopping service [Tomcat]
2023-10-27 16:07:21.049 INFO  [Thread-6] [o.a.c.c.C.[Tomcat].[localhost].[/]] - Destroying Spring FrameworkServlet 'dispatcherServlet'
2023-10-27 16:07:21.054 WARN  [Thread-6] [o.a.c.loader.WebappClassLoaderBase] - The web application [ROOT] appears to have started a thread named [HikariPool-1 housekeeper] but has failed to stop it. This is very likely to create a memory leak. Stack trace of thread:
 sun.misc.Unsafe.park(Native Method)
 java.util.concurrent.locks.LockSupport.parkNanos(LockSupport.java:215)
 java.util.concurrent.locks.AbstractQueuedSynchronizer$ConditionObject.awaitNanos(AbstractQueuedSynchronizer.java:2078)
 java.util.concurrent.ScheduledThreadPoolExecutor$DelayedWorkQueue.take(ScheduledThreadPoolExecutor.java:1093)
 java.util.concurrent.ScheduledThreadPoolExecutor$DelayedWorkQueue.take(ScheduledThreadPoolExecutor.java:809)
 java.util.concurrent.ThreadPoolExecutor.getTask(ThreadPoolExecutor.java:1067)
 java.util.concurrent.ThreadPoolExecutor.runWorker(ThreadPoolExecutor.java:1127)
 java.util.concurrent.ThreadPoolExecutor$Worker.run(ThreadPoolExecutor.java:617)
 java.lang.Thread.run(Thread.java:745)
2023-10-27 16:07:21.055 INFO  [Thread-6] [o.apache.coyote.http11.Http11NioProtocol] - Stopping ProtocolHandler ["http-nio-8080"]
2023-10-27 16:07:21.057 INFO  [Thread-6] [o.apache.coyote.http11.Http11NioProtocol] - Destroying ProtocolHandler ["http-nio-8080"]
2023-10-27 16:07:21.061 INFO  [Thread-6] [com.zaxxer.hikari.HikariDataSource] - HikariPool-1 - Shutdown initiated...
2023-10-27 16:07:21.069 INFO  [Thread-6] [com.zaxxer.hikari.HikariDataSource] - HikariPool-1 - Shutdown completed.
2023-10-27 16:07:21.351 INFO  [restartedMain] [com.example.moffice.MofficeApplication] - Starting MofficeApplication using Java 1.8.0_20 on DESKTOP-42OAV3A with PID 8632 (C:\Users\JNESS\git\moffice\bin\main started by 20230901 in C:\Users\JNESS\git\moffice)
2023-10-27 16:07:21.352 INFO  [restartedMain] [com.example.moffice.MofficeApplication] - No active profile set, falling back to 1 default profile: "default"
2023-10-27 16:07:21.887 INFO  [restartedMain] [o.s.b.w.embedded.tomcat.TomcatWebServer] - Tomcat initialized with port(s): 8080 (http)
2023-10-27 16:07:21.887 INFO  [restartedMain] [o.apache.coyote.http11.Http11NioProtocol] - Initializing ProtocolHandler ["http-nio-8080"]
2023-10-27 16:07:21.887 INFO  [restartedMain] [org.apache.catalina.core.StandardService] - Starting service [Tomcat]
2023-10-27 16:07:21.887 INFO  [restartedMain] [org.apache.catalina.core.StandardEngine] - Starting Servlet engine: [Apache Tomcat/9.0.80]
2023-10-27 16:07:21.900 INFO  [restartedMain] [o.a.c.c.C.[Tomcat].[localhost].[/]] - Initializing Spring embedded WebApplicationContext
2023-10-27 16:07:21.900 INFO  [restartedMain] [o.s.b.w.s.c.ServletWebServerApplicationContext] - Root WebApplicationContext: initialization completed in 539 ms
2023-10-27 16:07:22.054 INFO  [restartedMain] [o.s.b.d.a.OptionalLiveReloadServer] - LiveReload server is running on port 35729
2023-10-27 16:07:22.059 INFO  [restartedMain] [o.apache.coyote.http11.Http11NioProtocol] - Starting ProtocolHandler ["http-nio-8080"]
2023-10-27 16:07:22.062 INFO  [restartedMain] [o.s.b.w.embedded.tomcat.TomcatWebServer] - Tomcat started on port(s): 8080 (http) with context path ''
2023-10-27 16:07:22.066 INFO  [restartedMain] [com.example.moffice.MofficeApplication] - Started MofficeApplication in 0.841 seconds (JVM running for 101.061)
2023-10-27 16:07:22.068 INFO  [restartedMain] [o.s.b.d.a.ConditionEvaluationDeltaLoggingListener] - Condition evaluation unchanged
2023-10-27 17:33:57.483 INFO  [http-nio-8080-exec-2] [o.a.c.c.C.[Tomcat].[localhost].[/]] - Initializing Spring DispatcherServlet 'dispatcherServlet'
2023-10-27 17:33:57.484 INFO  [http-nio-8080-exec-2] [o.s.web.servlet.DispatcherServlet] - Initializing Servlet 'dispatcherServlet'
2023-10-27 17:33:57.485 INFO  [http-nio-8080-exec-2] [o.s.web.servlet.DispatcherServlet] - Completed initialization in 0 ms
2023-10-27 17:33:57.620 INFO  [http-nio-8080-exec-3] [com.zaxxer.hikari.HikariDataSource] - HikariPool-2 - Starting...
2023-10-27 17:33:57.745 INFO  [http-nio-8080-exec-3] [com.zaxxer.hikari.HikariDataSource] - HikariPool-2 - Start completed.
2023-10-27 17:37:56.407 INFO  [File Watcher] [o.s.b.d.a.LocalDevToolsAutoConfiguration$RestartingClassPathChangeChangedEventListener] - Restarting due to 1 class path change (0 additions, 0 deletions, 1 modification)
2023-10-27 17:37:56.573 INFO  [Thread-8] [o.apache.coyote.http11.Http11NioProtocol] - Pausing ProtocolHandler ["http-nio-8080"]
2023-10-27 17:37:56.573 INFO  [Thread-8] [org.apache.catalina.core.StandardService] - Stopping service [Tomcat]
2023-10-27 17:37:56.574 INFO  [Thread-8] [o.a.c.c.C.[Tomcat].[localhost].[/]] - Destroying Spring FrameworkServlet 'dispatcherServlet'
2023-10-27 17:37:56.577 WARN  [Thread-8] [o.a.c.loader.WebappClassLoaderBase] - The web application [ROOT] appears to have started a thread named [HikariPool-2 housekeeper] but has failed to stop it. This is very likely to create a memory leak. Stack trace of thread:
 sun.misc.Unsafe.park(Native Method)
 java.util.concurrent.locks.LockSupport.parkNanos(LockSupport.java:215)
 java.util.concurrent.locks.AbstractQueuedSynchronizer$ConditionObject.awaitNanos(AbstractQueuedSynchronizer.java:2078)
 java.util.concurrent.ScheduledThreadPoolExecutor$DelayedWorkQueue.take(ScheduledThreadPoolExecutor.java:1093)
 java.util.concurrent.ScheduledThreadPoolExecutor$DelayedWorkQueue.take(ScheduledThreadPoolExecutor.java:809)
 java.util.concurrent.ThreadPoolExecutor.getTask(ThreadPoolExecutor.java:1067)
 java.util.concurrent.ThreadPoolExecutor.runWorker(ThreadPoolExecutor.java:1127)
 java.util.concurrent.ThreadPoolExecutor$Worker.run(ThreadPoolExecutor.java:617)
 java.lang.Thread.run(Thread.java:745)
2023-10-27 17:37:56.578 INFO  [Thread-8] [o.apache.coyote.http11.Http11NioProtocol] - Stopping ProtocolHandler ["http-nio-8080"]
2023-10-27 17:37:56.588 INFO  [Thread-8] [o.apache.coyote.http11.Http11NioProtocol] - Destroying ProtocolHandler ["http-nio-8080"]
2023-10-27 17:37:56.591 INFO  [Thread-8] [com.zaxxer.hikari.HikariDataSource] - HikariPool-2 - Shutdown initiated...
2023-10-27 17:37:56.598 INFO  [Thread-8] [com.zaxxer.hikari.HikariDataSource] - HikariPool-2 - Shutdown completed.
2023-10-27 17:37:57.083 INFO  [restartedMain] [com.example.moffice.MofficeApplication] - Starting MofficeApplication using Java 1.8.0_20 on DESKTOP-42OAV3A with PID 8632 (C:\Users\JNESS\git\moffice\bin\main started by 20230901 in C:\Users\JNESS\git\moffice)
2023-10-27 17:37:57.084 INFO  [restartedMain] [com.example.moffice.MofficeApplication] - No active profile set, falling back to 1 default profile: "default"
2023-10-27 17:37:57.439 INFO  [restartedMain] [o.s.b.w.embedded.tomcat.TomcatWebServer] - Tomcat initialized with port(s): 8080 (http)
2023-10-27 17:37:57.440 INFO  [restartedMain] [o.apache.coyote.http11.Http11NioProtocol] - Initializing ProtocolHandler ["http-nio-8080"]
2023-10-27 17:37:57.440 INFO  [restartedMain] [org.apache.catalina.core.StandardService] - Starting service [Tomcat]
2023-10-27 17:37:57.440 INFO  [restartedMain] [org.apache.catalina.core.StandardEngine] - Starting Servlet engine: [Apache Tomcat/9.0.80]
2023-10-27 17:37:57.452 INFO  [restartedMain] [o.a.c.c.C.[Tomcat].[localhost].[/]] - Initializing Spring embedded WebApplicationContext
2023-10-27 17:37:57.452 INFO  [restartedMain] [o.s.b.w.s.c.ServletWebServerApplicationContext] - Root WebApplicationContext: initialization completed in 363 ms
2023-10-27 17:37:57.461 WARN  [restartedMain] [o.s.b.w.s.c.AnnotationConfigServletWebServerApplicationContext] - Exception encountered during context initialization - cancelling refresh attempt: org.springframework.beans.factory.BeanCreationException: Error creating bean with name 'workTripController': Lookup method resolution failed; nested exception is java.lang.IllegalStateException: Failed to introspect Class [com.example.moffice.WorkTrip.Controller.WorkTripController] from ClassLoader [org.springframework.boot.devtools.restart.classloader.RestartClassLoader@5e797bdd]
2023-10-27 17:37:57.461 INFO  [restartedMain] [org.apache.catalina.core.StandardService] - Stopping service [Tomcat]
2023-10-27 17:37:57.476 INFO  [restartedMain] [o.s.b.a.l.ConditionEvaluationReportLoggingListener] - 

Error starting ApplicationContext. To display the conditions report re-run your application with 'debug' enabled.
2023-10-27 17:37:57.504 ERROR [restartedMain] [o.springframework.boot.SpringApplication] - Application run failed
org.springframework.beans.factory.BeanCreationException: Error creating bean with name 'workTripController': Lookup method resolution failed; nested exception is java.lang.IllegalStateException: Failed to introspect Class [com.example.moffice.WorkTrip.Controller.WorkTripController] from ClassLoader [org.springframework.boot.devtools.restart.classloader.RestartClassLoader@5e797bdd]
	at org.springframework.beans.factory.annotation.AutowiredAnnotationBeanPostProcessor.determineCandidateConstructors(AutowiredAnnotationBeanPostProcessor.java:298)
	at org.springframework.beans.factory.support.AbstractAutowireCapableBeanFactory.determineConstructorsFromBeanPostProcessors(AbstractAutowireCapableBeanFactory.java:1302)
	at org.springframework.beans.factory.support.AbstractAutowireCapableBeanFactory.createBeanInstance(AbstractAutowireCapableBeanFactory.java:1219)
	at org.springframework.beans.factory.support.AbstractAutowireCapableBeanFactory.doCreateBean(AbstractAutowireCapableBeanFactory.java:582)
	at org.springframework.beans.factory.support.AbstractAutowireCapableBeanFactory.createBean(AbstractAutowireCapableBeanFactory.java:542)
	at org.springframework.beans.factory.support.AbstractBeanFactory.lambda$doGetBean$0(AbstractBeanFactory.java:335)
	at org.springframework.beans.factory.support.AbstractBeanFactory$$Lambda$198/684701981.getObject(Unknown Source)
	at org.springframework.beans.factory.support.DefaultSingletonBeanRegistry.getSingleton(DefaultSingletonBeanRegistry.java:234)
	at org.springframework.beans.factory.support.AbstractBeanFactory.doGetBean(AbstractBeanFactory.java:333)
	at org.springframework.beans.factory.support.AbstractBeanFactory.getBean(AbstractBeanFactory.java:208)
	at org.springframework.beans.factory.support.DefaultListableBeanFactory.preInstantiateSingletons(DefaultListableBeanFactory.java:955)
	at org.springframework.context.support.AbstractApplicationContext.finishBeanFactoryInitialization(AbstractApplicationContext.java:921)
	at org.springframework.context.support.AbstractApplicationContext.refresh(AbstractApplicationContext.java:583)
	at org.springframework.boot.web.servlet.context.ServletWebServerApplicationContext.refresh(ServletWebServerApplicationContext.java:147)
	at org.springframework.boot.SpringApplication.refresh(SpringApplication.java:731)
	at org.springframework.boot.SpringApplication.refreshContext(SpringApplication.java:408)
	at org.springframework.boot.SpringApplication.run(SpringApplication.java:307)
	at org.springframework.boot.SpringApplication.run(SpringApplication.java:1303)
	at org.springframework.boot.SpringApplication.run(SpringApplication.java:1292)
	at com.example.moffice.MofficeApplication.main(MofficeApplication.java:14)
	at sun.reflect.NativeMethodAccessorImpl.invoke0(Native Method)
	at sun.reflect.NativeMethodAccessorImpl.invoke(NativeMethodAccessorImpl.java:62)
	at sun.reflect.DelegatingMethodAccessorImpl.invoke(DelegatingMethodAccessorImpl.java:43)
	at java.lang.reflect.Method.invoke(Method.java:483)
	at org.springframework.boot.devtools.restart.RestartLauncher.run(RestartLauncher.java:50)
Caused by: java.lang.IllegalStateException: Failed to introspect Class [com.example.moffice.WorkTrip.Controller.WorkTripController] from ClassLoader [org.springframework.boot.devtools.restart.classloader.RestartClassLoader@5e797bdd]
	at org.springframework.util.ReflectionUtils.getDeclaredMethods(ReflectionUtils.java:485)
	at org.springframework.util.ReflectionUtils.doWithLocalMethods(ReflectionUtils.java:321)
	at org.springframework.beans.factory.annotation.AutowiredAnnotationBeanPostProcessor.determineCandidateConstructors(AutowiredAnnotationBeanPostProcessor.java:276)
	... 24 common frames omitted
Caused by: java.lang.NoClassDefFoundError: List
	at java.lang.Class.getDeclaredMethods0(Native Method)
	at java.lang.Class.privateGetDeclaredMethods(Class.java:2688)
	at java.lang.Class.getDeclaredMethods(Class.java:1962)
	at org.springframework.util.ReflectionUtils.getDeclaredMethods(ReflectionUtils.java:467)
	... 26 common frames omitted
Caused by: java.lang.ClassNotFoundException: List
	at java.net.URLClassLoader$1.run(URLClassLoader.java:372)
	at java.net.URLClassLoader$1.run(URLClassLoader.java:361)
	at java.security.AccessController.doPrivileged(Native Method)
	at java.net.URLClassLoader.findClass(URLClassLoader.java:360)
	at java.lang.ClassLoader.loadClass(ClassLoader.java:424)
	at sun.misc.Launcher$AppClassLoader.loadClass(Launcher.java:308)
	at java.lang.ClassLoader.loadClass(ClassLoader.java:357)
	at java.lang.Class.forName0(Native Method)
	at java.lang.Class.forName(Class.java:340)
	at org.springframework.boot.devtools.restart.classloader.RestartClassLoader.loadClass(RestartClassLoader.java:145)
	at java.lang.ClassLoader.loadClass(ClassLoader.java:357)
	... 30 common frames omitted
2023-10-27 17:38:23.708 INFO  [restartedMain] [com.example.moffice.MofficeApplication] - Starting MofficeApplication using Java 1.8.0_20 on DESKTOP-42OAV3A with PID 8632 (C:\Users\JNESS\git\moffice\bin\main started by 20230901 in C:\Users\JNESS\git\moffice)
2023-10-27 17:38:23.709 INFO  [restartedMain] [com.example.moffice.MofficeApplication] - No active profile set, falling back to 1 default profile: "default"
2023-10-27 17:38:24.237 INFO  [restartedMain] [o.s.b.w.embedded.tomcat.TomcatWebServer] - Tomcat initialized with port(s): 8080 (http)
2023-10-27 17:38:24.242 INFO  [restartedMain] [o.apache.coyote.http11.Http11NioProtocol] - Initializing ProtocolHandler ["http-nio-8080"]
2023-10-27 17:38:24.242 INFO  [restartedMain] [org.apache.catalina.core.StandardService] - Starting service [Tomcat]
2023-10-27 17:38:24.243 INFO  [restartedMain] [org.apache.catalina.core.StandardEngine] - Starting Servlet engine: [Apache Tomcat/9.0.80]
2023-10-27 17:38:24.269 INFO  [restartedMain] [o.a.c.c.C.[Tomcat-1].[localhost].[/]] - Initializing Spring embedded WebApplicationContext
2023-10-27 17:38:24.269 INFO  [restartedMain] [o.s.b.w.s.c.ServletWebServerApplicationContext] - Root WebApplicationContext: initialization completed in 535 ms
2023-10-27 17:38:24.454 INFO  [restartedMain] [o.s.b.d.a.OptionalLiveReloadServer] - LiveReload server is running on port 35729
2023-10-27 17:38:24.463 INFO  [restartedMain] [o.apache.coyote.http11.Http11NioProtocol] - Starting ProtocolHandler ["http-nio-8080"]
2023-10-27 17:38:24.466 INFO  [restartedMain] [o.s.b.w.embedded.tomcat.TomcatWebServer] - Tomcat started on port(s): 8080 (http) with context path ''
2023-10-27 17:38:24.472 INFO  [restartedMain] [com.example.moffice.MofficeApplication] - Started MofficeApplication in 0.913 seconds (JVM running for 5563.467)
2023-10-27 17:38:24.473 INFO  [restartedMain] [o.s.b.d.a.ConditionEvaluationDeltaLoggingListener] - Condition evaluation unchanged
2023-10-27 17:38:48.584 INFO  [http-nio-8080-exec-10] [o.a.c.c.C.[Tomcat-1].[localhost].[/]] - Initializing Spring DispatcherServlet 'dispatcherServlet'
2023-10-27 17:38:48.585 INFO  [http-nio-8080-exec-10] [o.s.web.servlet.DispatcherServlet] - Initializing Servlet 'dispatcherServlet'
2023-10-27 17:38:48.586 INFO  [http-nio-8080-exec-10] [o.s.web.servlet.DispatcherServlet] - Completed initialization in 1 ms
2023-10-27 17:38:48.591 INFO  [http-nio-8080-exec-10] [com.zaxxer.hikari.HikariDataSource] - HikariPool-3 - Starting...
2023-10-27 17:38:48.720 INFO  [http-nio-8080-exec-10] [com.zaxxer.hikari.HikariDataSource] - HikariPool-3 - Start completed.
2023-10-27 18:11:26.897 INFO  [File Watcher] [o.s.b.d.a.LocalDevToolsAutoConfiguration$RestartingClassPathChangeChangedEventListener] - Restarting due to 1 class path change (0 additions, 0 deletions, 1 modification)
2023-10-27 18:11:26.934 INFO  [Thread-12] [o.apache.coyote.http11.Http11NioProtocol] - Pausing ProtocolHandler ["http-nio-8080"]
2023-10-27 18:11:26.934 INFO  [Thread-12] [org.apache.catalina.core.StandardService] - Stopping service [Tomcat]
2023-10-27 18:11:26.935 INFO  [Thread-12] [o.a.c.c.C.[Tomcat-1].[localhost].[/]] - Destroying Spring FrameworkServlet 'dispatcherServlet'
2023-10-27 18:11:26.938 WARN  [Thread-12] [o.a.c.loader.WebappClassLoaderBase] - The web application [ROOT] appears to have started a thread named [HikariPool-3 housekeeper] but has failed to stop it. This is very likely to create a memory leak. Stack trace of thread:
 sun.misc.Unsafe.park(Native Method)
 java.util.concurrent.locks.LockSupport.parkNanos(LockSupport.java:215)
 java.util.concurrent.locks.AbstractQueuedSynchronizer$ConditionObject.awaitNanos(AbstractQueuedSynchronizer.java:2078)
 java.util.concurrent.ScheduledThreadPoolExecutor$DelayedWorkQueue.take(ScheduledThreadPoolExecutor.java:1093)
 java.util.concurrent.ScheduledThreadPoolExecutor$DelayedWorkQueue.take(ScheduledThreadPoolExecutor.java:809)
 java.util.concurrent.ThreadPoolExecutor.getTask(ThreadPoolExecutor.java:1067)
 java.util.concurrent.ThreadPoolExecutor.runWorker(ThreadPoolExecutor.java:1127)
 java.util.concurrent.ThreadPoolExecutor$Worker.run(ThreadPoolExecutor.java:617)
 java.lang.Thread.run(Thread.java:745)
2023-10-27 18:11:26.938 INFO  [Thread-12] [o.apache.coyote.http11.Http11NioProtocol] - Stopping ProtocolHandler ["http-nio-8080"]
2023-10-27 18:11:26.940 INFO  [Thread-12] [o.apache.coyote.http11.Http11NioProtocol] - Destroying ProtocolHandler ["http-nio-8080"]
2023-10-27 18:11:26.941 INFO  [Thread-12] [com.zaxxer.hikari.HikariDataSource] - HikariPool-3 - Shutdown initiated...
2023-10-27 18:11:26.945 INFO  [Thread-12] [com.zaxxer.hikari.HikariDataSource] - HikariPool-3 - Shutdown completed.
